This is pdfTeX, Version 3.14159265-2.6-1.40.21 (MiKTeX 20.12) (preloaded format=pdflatex 2021.5.16)  10 JUL 2021 20:33
entering extended mode
**./Spatial_DAG_colour_2.tex
(Spatial_DAG_colour_2.tex
LaTeX2e <2020-10-01> patch level 3
L3 programming layer <2020-12-07> xparse <2020-03-03>
("C:\Users\Philipp Schreiber\AppData\Local\Programs\MiKTeX\tex/latex/standalone
\standalone.cls"
Document Class: standalone 2018/03/26 v1.3a Class to compile TeX sub-files stan
dalone

("C:\Users\Philipp Schreiber\AppData\Local\Programs\MiKTeX\tex/latex/latex-tool
s\shellesc.sty"
Package: shellesc 2019/11/08 v1.0c unified shell escape interface for LaTeX
Package shellesc Info: Restricted shell escape enabled on input line 77.
)
("C:\Users\Philipp Schreiber\AppData\Local\Programs\MiKTeX\tex/generic/iftex\if
luatex.sty"
Package: ifluatex 2019/10/25 v1.5 ifluatex legacy package. Use iftex instead.

("C:\Users\Philipp Schreiber\AppData\Local\Programs\MiKTeX\tex/generic/iftex\if
tex.sty"
Package: iftex 2020/03/06 v1.0d TeX engine tests
))
("C:\Users\Philipp Schreiber\AppData\Local\Programs\MiKTeX\tex/latex/xkeyval\xk
eyval.sty"
Package: xkeyval 2020/11/20 v2.8 package option processing (HA)

("C:\Users\Philipp Schreiber\AppData\Local\Programs\MiKTeX\tex/generic/xkeyval\
xkeyval.tex"
("C:\Users\Philipp Schreiber\AppData\Local\Programs\MiKTeX\tex/generic/xkeyval\
xkvutils.tex"
\XKV@toks=\toks15
\XKV@tempa@toks=\toks16

("C:\Users\Philipp Schreiber\AppData\Local\Programs\MiKTeX\tex/generic/xkeyval\
keyval.tex"))
\XKV@depth=\count177
File: xkeyval.tex 2014/12/03 v2.7a key=value parser (HA)
))
\sa@internal=\count178
\c@sapage=\count179

("C:\Users\Philipp Schreiber\AppData\Local\Programs\MiKTeX\tex/latex/standalone
\standalone.cfg"
File: standalone.cfg 2018/03/26 v1.3a Default configuration file for 'standalon
e' class
)
("C:\Users\Philipp Schreiber\AppData\Local\Programs\MiKTeX\tex/latex/base\artic
le.cls"
Document Class: article 2020/04/10 v1.4m Standard LaTeX document class

("C:\Users\Philipp Schreiber\AppData\Local\Programs\MiKTeX\tex/latex/base\size1
0.clo"
File: size10.clo 2020/04/10 v1.4m Standard LaTeX file (size option)
)
\c@part=\count180
\c@section=\count181
\c@subsection=\count182
\c@subsubsection=\count183
\c@paragraph=\count184
\c@subparagraph=\count185
\c@figure=\count186
\c@table=\count187
\abovecaptionskip=\skip47
\belowcaptionskip=\skip48
\bibindent=\dimen138
)
\sa@box=\box47
runsystem(pdflatex  -shell-escape  -jobname "Spatial_DAG_colour_2" "\expandafte
r\def\csname sa@internal@run\endcsname{1}\input{Spatial_DAG_colour_2}")...disab
led (restricted).

runsystem(imgconvert -density 300 -units PixelsPerInch Spatial_DAG_colour_2.pdf
  -quality 90 Spatial_DAG_colour_2.png)...disabled (restricted).



Class standalone Warning: Conversion failed! Please ensure that shell escape
(standalone)              is enabled (e.g. use '-shell-escape').

)
("C:\Users\Philipp Schreiber\AppData\Local\Programs\MiKTeX\tex/latex/graphics\c
olor.sty"
Package: color 2020/02/24 v1.2b Standard LaTeX Color (DPC)

("C:\Users\Philipp Schreiber\AppData\Local\Programs\MiKTeX\tex/latex/graphics-c
fg\color.cfg"
File: color.cfg 2016/01/02 v1.6 sample color configuration
)
Package color Info: Driver file: pdftex.def on input line 147.

("C:\Users\Philipp Schreiber\AppData\Local\Programs\MiKTeX\tex/latex/graphics-d
ef\pdftex.def"
File: pdftex.def 2020/10/05 v1.2a Graphics/color driver for pdftex
))
("C:\Users\Philipp Schreiber\AppData\Local\Programs\MiKTeX\tex/latex/pgf/fronte
ndlayer\tikz.sty"
("C:\Users\Philipp Schreiber\AppData\Local\Programs\MiKTeX\tex/latex/pgf/basicl
ayer\pgf.sty"
("C:\Users\Philipp Schreiber\AppData\Local\Programs\MiKTeX\tex/latex/pgf/utilit
ies\pgfrcs.sty"
("C:\Users\Philipp Schreiber\AppData\Local\Programs\MiKTeX\tex/generic/pgf/util
ities\pgfutil-common.tex"
\pgfutil@everybye=\toks17
\pgfutil@tempdima=\dimen139
\pgfutil@tempdimb=\dimen140

("C:\Users\Philipp Schreiber\AppData\Local\Programs\MiKTeX\tex/generic/pgf/util
ities\pgfutil-common-lists.tex"))
("C:\Users\Philipp Schreiber\AppData\Local\Programs\MiKTeX\tex/generic/pgf/util
ities\pgfutil-latex.def"
\pgfutil@abb=\box48
)
("C:\Users\Philipp Schreiber\AppData\Local\Programs\MiKTeX\tex/generic/pgf/util
ities\pgfrcs.code.tex"
("C:\Users\Philipp Schreiber\AppData\Local\Programs\MiKTeX\tex/generic/pgf\pgf.
revision.tex")
Package: pgfrcs 2020/12/27 v3.1.8b (3.1.8b)
))
Package: pgf 2020/12/27 v3.1.8b (3.1.8b)

("C:\Users\Philipp Schreiber\AppData\Local\Programs\MiKTeX\tex/latex/pgf/basicl
ayer\pgfcore.sty"
("C:\Users\Philipp Schreiber\AppData\Local\Programs\MiKTeX\tex/latex/graphics\g
raphicx.sty"
Package: graphicx 2020/09/09 v1.2b Enhanced LaTeX Graphics (DPC,SPQR)

("C:\Users\Philipp Schreiber\AppData\Local\Programs\MiKTeX\tex/latex/graphics\g
raphics.sty"
Package: graphics 2020/08/30 v1.4c Standard LaTeX Graphics (DPC,SPQR)

("C:\Users\Philipp Schreiber\AppData\Local\Programs\MiKTeX\tex/latex/graphics\t
rig.sty"
Package: trig 2016/01/03 v1.10 sin cos tan (DPC)
)
("C:\Users\Philipp Schreiber\AppData\Local\Programs\MiKTeX\tex/latex/graphics-c
fg\graphics.cfg"
File: graphics.cfg 2016/06/04 v1.11 sample graphics configuration
)
Package graphics Info: Driver file: pdftex.def on input line 105.
)
\Gin@req@height=\dimen141
\Gin@req@width=\dimen142
)
("C:\Users\Philipp Schreiber\AppData\Local\Programs\MiKTeX\tex/latex/pgf/system
layer\pgfsys.sty"
("C:\Users\Philipp Schreiber\AppData\Local\Programs\MiKTeX\tex/generic/pgf/syst
emlayer\pgfsys.code.tex"
Package: pgfsys 2020/12/27 v3.1.8b (3.1.8b)

("C:\Users\Philipp Schreiber\AppData\Local\Programs\MiKTeX\tex/generic/pgf/util
ities\pgfkeys.code.tex"
\pgfkeys@pathtoks=\toks18
\pgfkeys@temptoks=\toks19

("C:\Users\Philipp Schreiber\AppData\Local\Programs\MiKTeX\tex/generic/pgf/util
ities\pgfkeysfiltered.code.tex"
\pgfkeys@tmptoks=\toks20
))
\pgf@x=\dimen143
\pgf@y=\dimen144
\pgf@xa=\dimen145
\pgf@ya=\dimen146
\pgf@xb=\dimen147
\pgf@yb=\dimen148
\pgf@xc=\dimen149
\pgf@yc=\dimen150
\pgf@xd=\dimen151
\pgf@yd=\dimen152
\w@pgf@writea=\write3
\r@pgf@reada=\read2
\c@pgf@counta=\count188
\c@pgf@countb=\count189
\c@pgf@countc=\count190
\c@pgf@countd=\count191
\t@pgf@toka=\toks21
\t@pgf@tokb=\toks22
\t@pgf@tokc=\toks23
\pgf@sys@id@count=\count192

("C:\Users\Philipp Schreiber\AppData\Local\Programs\MiKTeX\tex/generic/pgf/syst
emlayer\pgf.cfg"
File: pgf.cfg 2020/12/27 v3.1.8b (3.1.8b)
)
Driver file for pgf: pgfsys-pdftex.def

("C:\Users\Philipp Schreiber\AppData\Local\Programs\MiKTeX\tex/generic/pgf/syst
emlayer\pgfsys-pdftex.def"
File: pgfsys-pdftex.def 2020/12/27 v3.1.8b (3.1.8b)

("C:\Users\Philipp Schreiber\AppData\Local\Programs\MiKTeX\tex/generic/pgf/syst
emlayer\pgfsys-common-pdf.def"
File: pgfsys-common-pdf.def 2020/12/27 v3.1.8b (3.1.8b)
)))
("C:\Users\Philipp Schreiber\AppData\Local\Programs\MiKTeX\tex/generic/pgf/syst
emlayer\pgfsyssoftpath.code.tex"
File: pgfsyssoftpath.code.tex 2020/12/27 v3.1.8b (3.1.8b)
\pgfsyssoftpath@smallbuffer@items=\count193
\pgfsyssoftpath@bigbuffer@items=\count194
)
("C:\Users\Philipp Schreiber\AppData\Local\Programs\MiKTeX\tex/generic/pgf/syst
emlayer\pgfsysprotocol.code.tex"
File: pgfsysprotocol.code.tex 2020/12/27 v3.1.8b (3.1.8b)
))
("C:\Users\Philipp Schreiber\AppData\Local\Programs\MiKTeX\tex/latex/xcolor\xco
lor.sty"
Package: xcolor 2016/05/11 v2.12 LaTeX color extensions (UK)

("C:\Users\Philipp Schreiber\AppData\Local\Programs\MiKTeX\tex/latex/graphics-c
fg\color.cfg"
File: color.cfg 2016/01/02 v1.6 sample color configuration
)
Package xcolor Info: Driver file: pdftex.def on input line 225.
LaTeX Info: Redefining \color on input line 709.
Package xcolor Info: Model `cmy' substituted by `cmy0' on input line 1348.
Package xcolor Info: Model `hsb' substituted by `rgb' on input line 1352.
Package xcolor Info: Model `RGB' extended on input line 1364.
Package xcolor Info: Model `HTML' substituted by `rgb' on input line 1366.
Package xcolor Info: Model `Hsb' substituted by `hsb' on input line 1367.
Package xcolor Info: Model `tHsb' substituted by `hsb' on input line 1368.
Package xcolor Info: Model `HSB' substituted by `hsb' on input line 1369.
Package xcolor Info: Model `Gray' substituted by `gray' on input line 1370.
Package xcolor Info: Model `wave' substituted by `hsb' on input line 1371.
)
("C:\Users\Philipp Schreiber\AppData\Local\Programs\MiKTeX\tex/generic/pgf/basi
clayer\pgfcore.code.tex"
Package: pgfcore 2020/12/27 v3.1.8b (3.1.8b)

("C:\Users\Philipp Schreiber\AppData\Local\Programs\MiKTeX\tex/generic/pgf/math
\pgfmath.code.tex"
("C:\Users\Philipp Schreiber\AppData\Local\Programs\MiKTeX\tex/generic/pgf/math
\pgfmathcalc.code.tex"
("C:\Users\Philipp Schreiber\AppData\Local\Programs\MiKTeX\tex/generic/pgf/math
\pgfmathutil.code.tex")
("C:\Users\Philipp Schreiber\AppData\Local\Programs\MiKTeX\tex/generic/pgf/math
\pgfmathparser.code.tex"
\pgfmath@dimen=\dimen153
\pgfmath@count=\count195
\pgfmath@box=\box49
\pgfmath@toks=\toks24
\pgfmath@stack@operand=\toks25
\pgfmath@stack@operation=\toks26
)
("C:\Users\Philipp Schreiber\AppData\Local\Programs\MiKTeX\tex/generic/pgf/math
\pgfmathfunctions.code.tex"
("C:\Users\Philipp Schreiber\AppData\Local\Programs\MiKTeX\tex/generic/pgf/math
\pgfmathfunctions.basic.code.tex")
("C:\Users\Philipp Schreiber\AppData\Local\Programs\MiKTeX\tex/generic/pgf/math
\pgfmathfunctions.trigonometric.code.tex")
("C:\Users\Philipp Schreiber\AppData\Local\Programs\MiKTeX\tex/generic/pgf/math
\pgfmathfunctions.random.code.tex")
("C:\Users\Philipp Schreiber\AppData\Local\Programs\MiKTeX\tex/generic/pgf/math
\pgfmathfunctions.comparison.code.tex")
("C:\Users\Philipp Schreiber\AppData\Local\Programs\MiKTeX\tex/generic/pgf/math
\pgfmathfunctions.base.code.tex")
("C:\Users\Philipp Schreiber\AppData\Local\Programs\MiKTeX\tex/generic/pgf/math
\pgfmathfunctions.round.code.tex")
("C:\Users\Philipp Schreiber\AppData\Local\Programs\MiKTeX\tex/generic/pgf/math
\pgfmathfunctions.misc.code.tex")
("C:\Users\Philipp Schreiber\AppData\Local\Programs\MiKTeX\tex/generic/pgf/math
\pgfmathfunctions.integerarithmetics.code.tex")))
("C:\Users\Philipp Schreiber\AppData\Local\Programs\MiKTeX\tex/generic/pgf/math
\pgfmathfloat.code.tex"
\c@pgfmathroundto@lastzeros=\count196
))
("C:\Users\Philipp Schreiber\AppData\Local\Programs\MiKTeX\tex/generic/pgf/math
\pgfint.code.tex")
("C:\Users\Philipp Schreiber\AppData\Local\Programs\MiKTeX\tex/generic/pgf/basi
clayer\pgfcorepoints.code.tex"
File: pgfcorepoints.code.tex 2020/12/27 v3.1.8b (3.1.8b)
\pgf@picminx=\dimen154
\pgf@picmaxx=\dimen155
\pgf@picminy=\dimen156
\pgf@picmaxy=\dimen157
\pgf@pathminx=\dimen158
\pgf@pathmaxx=\dimen159
\pgf@pathminy=\dimen160
\pgf@pathmaxy=\dimen161
\pgf@xx=\dimen162
\pgf@xy=\dimen163
\pgf@yx=\dimen164
\pgf@yy=\dimen165
\pgf@zx=\dimen166
\pgf@zy=\dimen167
)
("C:\Users\Philipp Schreiber\AppData\Local\Programs\MiKTeX\tex/generic/pgf/basi
clayer\pgfcorepathconstruct.code.tex"
File: pgfcorepathconstruct.code.tex 2020/12/27 v3.1.8b (3.1.8b)
\pgf@path@lastx=\dimen168
\pgf@path@lasty=\dimen169
)
("C:\Users\Philipp Schreiber\AppData\Local\Programs\MiKTeX\tex/generic/pgf/basi
clayer\pgfcorepathusage.code.tex"
File: pgfcorepathusage.code.tex 2020/12/27 v3.1.8b (3.1.8b)
\pgf@shorten@end@additional=\dimen170
\pgf@shorten@start@additional=\dimen171
)
("C:\Users\Philipp Schreiber\AppData\Local\Programs\MiKTeX\tex/generic/pgf/basi
clayer\pgfcorescopes.code.tex"
File: pgfcorescopes.code.tex 2020/12/27 v3.1.8b (3.1.8b)
\pgfpic=\box50
\pgf@hbox=\box51
\pgf@layerbox@main=\box52
\pgf@picture@serial@count=\count197
)
("C:\Users\Philipp Schreiber\AppData\Local\Programs\MiKTeX\tex/generic/pgf/basi
clayer\pgfcoregraphicstate.code.tex"
File: pgfcoregraphicstate.code.tex 2020/12/27 v3.1.8b (3.1.8b)
\pgflinewidth=\dimen172
)
("C:\Users\Philipp Schreiber\AppData\Local\Programs\MiKTeX\tex/generic/pgf/basi
clayer\pgfcoretransformations.code.tex"
File: pgfcoretransformations.code.tex 2020/12/27 v3.1.8b (3.1.8b)
\pgf@pt@x=\dimen173
\pgf@pt@y=\dimen174
\pgf@pt@temp=\dimen175
)
("C:\Users\Philipp Schreiber\AppData\Local\Programs\MiKTeX\tex/generic/pgf/basi
clayer\pgfcorequick.code.tex"
File: pgfcorequick.code.tex 2020/12/27 v3.1.8b (3.1.8b)
)
("C:\Users\Philipp Schreiber\AppData\Local\Programs\MiKTeX\tex/generic/pgf/basi
clayer\pgfcoreobjects.code.tex"
File: pgfcoreobjects.code.tex 2020/12/27 v3.1.8b (3.1.8b)
)
("C:\Users\Philipp Schreiber\AppData\Local\Programs\MiKTeX\tex/generic/pgf/basi
clayer\pgfcorepathprocessing.code.tex"
File: pgfcorepathprocessing.code.tex 2020/12/27 v3.1.8b (3.1.8b)
)
("C:\Users\Philipp Schreiber\AppData\Local\Programs\MiKTeX\tex/generic/pgf/basi
clayer\pgfcorearrows.code.tex"
File: pgfcorearrows.code.tex 2020/12/27 v3.1.8b (3.1.8b)
\pgfarrowsep=\dimen176
)
("C:\Users\Philipp Schreiber\AppData\Local\Programs\MiKTeX\tex/generic/pgf/basi
clayer\pgfcoreshade.code.tex"
File: pgfcoreshade.code.tex 2020/12/27 v3.1.8b (3.1.8b)
\pgf@max=\dimen177
\pgf@sys@shading@range@num=\count198
\pgf@shadingcount=\count199
)
("C:\Users\Philipp Schreiber\AppData\Local\Programs\MiKTeX\tex/generic/pgf/basi
clayer\pgfcoreimage.code.tex"
File: pgfcoreimage.code.tex 2020/12/27 v3.1.8b (3.1.8b)

("C:\Users\Philipp Schreiber\AppData\Local\Programs\MiKTeX\tex/generic/pgf/basi
clayer\pgfcoreexternal.code.tex"
File: pgfcoreexternal.code.tex 2020/12/27 v3.1.8b (3.1.8b)
\pgfexternal@startupbox=\box53
))
("C:\Users\Philipp Schreiber\AppData\Local\Programs\MiKTeX\tex/generic/pgf/basi
clayer\pgfcorelayers.code.tex"
File: pgfcorelayers.code.tex 2020/12/27 v3.1.8b (3.1.8b)
)
("C:\Users\Philipp Schreiber\AppData\Local\Programs\MiKTeX\tex/generic/pgf/basi
clayer\pgfcoretransparency.code.tex"
File: pgfcoretransparency.code.tex 2020/12/27 v3.1.8b (3.1.8b)
)
("C:\Users\Philipp Schreiber\AppData\Local\Programs\MiKTeX\tex/generic/pgf/basi
clayer\pgfcorepatterns.code.tex"
File: pgfcorepatterns.code.tex 2020/12/27 v3.1.8b (3.1.8b)
)
("C:\Users\Philipp Schreiber\AppData\Local\Programs\MiKTeX\tex/generic/pgf/basi
clayer\pgfcorerdf.code.tex"
File: pgfcorerdf.code.tex 2020/12/27 v3.1.8b (3.1.8b)
)))
("C:\Users\Philipp Schreiber\AppData\Local\Programs\MiKTeX\tex/generic/pgf/modu
les\pgfmoduleshapes.code.tex"
File: pgfmoduleshapes.code.tex 2020/12/27 v3.1.8b (3.1.8b)
\pgfnodeparttextbox=\box54
)
("C:\Users\Philipp Schreiber\AppData\Local\Programs\MiKTeX\tex/generic/pgf/modu
les\pgfmoduleplot.code.tex"
File: pgfmoduleplot.code.tex 2020/12/27 v3.1.8b (3.1.8b)
)
("C:\Users\Philipp Schreiber\AppData\Local\Programs\MiKTeX\tex/latex/pgf/compat
ibility\pgfcomp-version-0-65.sty"
Package: pgfcomp-version-0-65 2020/12/27 v3.1.8b (3.1.8b)
\pgf@nodesepstart=\dimen178
\pgf@nodesepend=\dimen179
)
("C:\Users\Philipp Schreiber\AppData\Local\Programs\MiKTeX\tex/latex/pgf/compat
ibility\pgfcomp-version-1-18.sty"
Package: pgfcomp-version-1-18 2020/12/27 v3.1.8b (3.1.8b)
))
("C:\Users\Philipp Schreiber\AppData\Local\Programs\MiKTeX\tex/latex/pgf/utilit
ies\pgffor.sty"
("C:\Users\Philipp Schreiber\AppData\Local\Programs\MiKTeX\tex/latex/pgf/utilit
ies\pgfkeys.sty"
("C:\Users\Philipp Schreiber\AppData\Local\Programs\MiKTeX\tex/generic/pgf/util
ities\pgfkeys.code.tex"))
("C:\Users\Philipp Schreiber\AppData\Local\Programs\MiKTeX\tex/latex/pgf/math\p
gfmath.sty"
("C:\Users\Philipp Schreiber\AppData\Local\Programs\MiKTeX\tex/generic/pgf/math
\pgfmath.code.tex"))
("C:\Users\Philipp Schreiber\AppData\Local\Programs\MiKTeX\tex/generic/pgf/util
ities\pgffor.code.tex"
Package: pgffor 2020/12/27 v3.1.8b (3.1.8b)

("C:\Users\Philipp Schreiber\AppData\Local\Programs\MiKTeX\tex/generic/pgf/math
\pgfmath.code.tex")
\pgffor@iter=\dimen180
\pgffor@skip=\dimen181
\pgffor@stack=\toks27
\pgffor@toks=\toks28
))
("C:\Users\Philipp Schreiber\AppData\Local\Programs\MiKTeX\tex/generic/pgf/fron
tendlayer/tikz\tikz.code.tex"
Package: tikz 2020/12/27 v3.1.8b (3.1.8b)

("C:\Users\Philipp Schreiber\AppData\Local\Programs\MiKTeX\tex/generic/pgf/libr
aries\pgflibraryplothandlers.code.tex"
File: pgflibraryplothandlers.code.tex 2020/12/27 v3.1.8b (3.1.8b)
\pgf@plot@mark@count=\count266
\pgfplotmarksize=\dimen182
)
\tikz@lastx=\dimen183
\tikz@lasty=\dimen184
\tikz@lastxsaved=\dimen185
\tikz@lastysaved=\dimen186
\tikz@lastmovetox=\dimen187
\tikz@lastmovetoy=\dimen188
\tikzleveldistance=\dimen189
\tikzsiblingdistance=\dimen190
\tikz@figbox=\box55
\tikz@figbox@bg=\box56
\tikz@tempbox=\box57
\tikz@tempbox@bg=\box58
\tikztreelevel=\count267
\tikznumberofchildren=\count268
\tikznumberofcurrentchild=\count269
\tikz@fig@count=\count270

("C:\Users\Philipp Schreiber\AppData\Local\Programs\MiKTeX\tex/generic/pgf/modu
les\pgfmodulematrix.code.tex"
File: pgfmodulematrix.code.tex 2020/12/27 v3.1.8b (3.1.8b)
\pgfmatrixcurrentrow=\count271
\pgfmatrixcurrentcolumn=\count272
\pgf@matrix@numberofcolumns=\count273
)
\tikz@expandcount=\count274

("C:\Users\Philipp Schreiber\AppData\Local\Programs\MiKTeX\tex/generic/pgf/fron
tendlayer/tikz/libraries\tikzlibrarytopaths.code.tex"
File: tikzlibrarytopaths.code.tex 2020/12/27 v3.1.8b (3.1.8b)
)))
("C:\Users\Philipp Schreiber\AppData\Local\Programs\MiKTeX\tex/generic/pgf/fron
tendlayer/tikz/libraries\tikzlibraryshapes.code.tex"
File: tikzlibraryshapes.code.tex 2020/12/27 v3.1.8b (3.1.8b)

("C:\Users\Philipp Schreiber\AppData\Local\Programs\MiKTeX\tex/generic/pgf/fron
tendlayer/tikz/libraries\tikzlibraryshapes.geometric.code.tex"
File: tikzlibraryshapes.geometric.code.tex 2020/12/27 v3.1.8b (3.1.8b)

("C:\Users\Philipp Schreiber\AppData\Local\Programs\MiKTeX\tex/generic/pgf/libr
aries/shapes\pgflibraryshapes.geometric.code.tex"
File: pgflibraryshapes.geometric.code.tex 2020/12/27 v3.1.8b (3.1.8b)
))
("C:\Users\Philipp Schreiber\AppData\Local\Programs\MiKTeX\tex/generic/pgf/fron
tendlayer/tikz/libraries\tikzlibraryshapes.misc.code.tex"
File: tikzlibraryshapes.misc.code.tex 2020/12/27 v3.1.8b (3.1.8b)

("C:\Users\Philipp Schreiber\AppData\Local\Programs\MiKTeX\tex/generic/pgf/libr
aries/shapes\pgflibraryshapes.misc.code.tex"
File: pgflibraryshapes.misc.code.tex 2020/12/27 v3.1.8b (3.1.8b)
))
("C:\Users\Philipp Schreiber\AppData\Local\Programs\MiKTeX\tex/generic/pgf/fron
tendlayer/tikz/libraries\tikzlibraryshapes.symbols.code.tex"
File: tikzlibraryshapes.symbols.code.tex 2020/12/27 v3.1.8b (3.1.8b)

("C:\Users\Philipp Schreiber\AppData\Local\Programs\MiKTeX\tex/generic/pgf/libr
aries/shapes\pgflibraryshapes.symbols.code.tex"
File: pgflibraryshapes.symbols.code.tex 2020/12/27 v3.1.8b (3.1.8b)
))
("C:\Users\Philipp Schreiber\AppData\Local\Programs\MiKTeX\tex/generic/pgf/fron
tendlayer/tikz/libraries\tikzlibraryshapes.arrows.code.tex"
File: tikzlibraryshapes.arrows.code.tex 2020/12/27 v3.1.8b (3.1.8b)

("C:\Users\Philipp Schreiber\AppData\Local\Programs\MiKTeX\tex/generic/pgf/libr
aries/shapes\pgflibraryshapes.arrows.code.tex"
File: pgflibraryshapes.arrows.code.tex 2020/12/27 v3.1.8b (3.1.8b)
))
("C:\Users\Philipp Schreiber\AppData\Local\Programs\MiKTeX\tex/generic/pgf/fron
tendlayer/tikz/libraries\tikzlibraryshapes.callouts.code.tex"
("C:\Users\Philipp Schreiber\AppData\Local\Programs\MiKTeX\tex/generic/pgf/libr
aries/shapes\pgflibraryshapes.callouts.code.tex"))
("C:\Users\Philipp Schreiber\AppData\Local\Programs\MiKTeX\tex/generic/pgf/fron
tendlayer/tikz/libraries\tikzlibraryshapes.multipart.code.tex"
File: tikzlibraryshapes.multipart.code.tex 2020/12/27 v3.1.8b (3.1.8b)

("C:\Users\Philipp Schreiber\AppData\Local\Programs\MiKTeX\tex/generic/pgf/libr
aries/shapes\pgflibraryshapes.multipart.code.tex"
File: pgflibraryshapes.multipart.code.tex 2020/12/27 v3.1.8b (3.1.8b)
\pgfnodepartlowerbox=\box59
\pgfnodeparttwobox=\box60
\pgfnodepartthreebox=\box61
\pgfnodepartfourbox=\box62
\pgfnodeparttwentybox=\box63
\pgfnodepartnineteenbox=\box64
\pgfnodeparteighteenbox=\box65
\pgfnodepartseventeenbox=\box66
\pgfnodepartsixteenbox=\box67
\pgfnodepartfifteenbox=\box68
\pgfnodepartfourteenbox=\box69
\pgfnodepartthirteenbox=\box70
\pgfnodeparttwelvebox=\box71
\pgfnodepartelevenbox=\box72
\pgfnodeparttenbox=\box73
\pgfnodepartninebox=\box74
\pgfnodeparteightbox=\box75
\pgfnodepartsevenbox=\box76
\pgfnodepartsixbox=\box77
\pgfnodepartfivebox=\box78
)))
("C:\Users\Philipp Schreiber\AppData\Local\Programs\MiKTeX\tex/generic/pgf/fron
tendlayer/tikz/libraries\tikzlibrarydecorations.code.tex"
("C:\Users\Philipp Schreiber\AppData\Local\Programs\MiKTeX\tex/generic/pgf/modu
les\pgfmoduledecorations.code.tex"
\pgfdecoratedcompleteddistance=\dimen191
\pgfdecoratedremainingdistance=\dimen192
\pgfdecoratedinputsegmentcompleteddistance=\dimen193
\pgfdecoratedinputsegmentremainingdistance=\dimen194
\pgf@decorate@distancetomove=\dimen195
\pgf@decorate@repeatstate=\count275
\pgfdecorationsegmentamplitude=\dimen196
\pgfdecorationsegmentlength=\dimen197
)
\tikz@lib@dec@box=\box79
)
("C:\Users\Philipp Schreiber\AppData\Local\Programs\MiKTeX\tex/generic/pgf/fron
tendlayer/tikz/libraries\tikzlibraryarrows.code.tex"
File: tikzlibraryarrows.code.tex 2020/12/27 v3.1.8b (3.1.8b)

("C:\Users\Philipp Schreiber\AppData\Local\Programs\MiKTeX\tex/generic/pgf/libr
aries\pgflibraryarrows.code.tex"
File: pgflibraryarrows.code.tex 2020/12/27 v3.1.8b (3.1.8b)
\arrowsize=\dimen198
))
("C:\Users\Philipp Schreiber\AppData\Local\Programs\MiKTeX\tex/generic/pgf/fron
tendlayer/tikz/libraries\tikzlibrarycalc.code.tex"
File: tikzlibrarycalc.code.tex 2020/12/27 v3.1.8b (3.1.8b)
)
("C:\Users\Philipp Schreiber\AppData\Local\Programs\MiKTeX\tex/generic/pgf/libr
aries\pgflibraryarrows.meta.code.tex"
File: pgflibraryarrows.meta.code.tex 2020/12/27 v3.1.8b (3.1.8b)
\pgfarrowinset=\dimen199
\pgfarrowlength=\dimen256
\pgfarrowwidth=\dimen257
\pgfarrowlinewidth=\dimen258
)
("C:\Users\Philipp Schreiber\AppData\Local\Programs\MiKTeX\tex/generic/pgf/fron
tendlayer/tikz/libraries\tikzlibraryfit.code.tex"
File: tikzlibraryfit.code.tex 2020/12/27 v3.1.8b (3.1.8b)
)
("C:\Users\Philipp Schreiber\AppData\Local\Programs\MiKTeX\tex/generic/pgf/fron
tendlayer/tikz/libraries\tikzlibrarypositioning.code.tex"
File: tikzlibrarypositioning.code.tex 2020/12/27 v3.1.8b (3.1.8b)
)
("C:\Users\Philipp Schreiber\AppData\Local\Programs\MiKTeX\tex/latex/l3backend\
l3backend-pdftex.def"
File: l3backend-pdftex.def 2020-09-24 L3 backend support: PDF output (pdfTeX)
\l__kernel_color_stack_int=\count276
\l__pdf_internal_box=\box80
)
No file Spatial_DAG_colour_2.aux.
\openout1 = `Spatial_DAG_colour_2.aux'.

LaTeX Font Info:    Checking defaults for OML/cmm/m/it on input line 21.
LaTeX Font Info:    ... okay on input line 21.
LaTeX Font Info:    Checking defaults for OMS/cmsy/m/n on input line 21.
LaTeX Font Info:    ... okay on input line 21.
LaTeX Font Info:    Checking defaults for OT1/cmr/m/n on input line 21.
LaTeX Font Info:    ... okay on input line 21.
LaTeX Font Info:    Checking defaults for T1/cmr/m/n on input line 21.
LaTeX Font Info:    ... okay on input line 21.
LaTeX Font Info:    Checking defaults for TS1/cmr/m/n on input line 21.
LaTeX Font Info:    ... okay on input line 21.
LaTeX Font Info:    Checking defaults for OMX/cmex/m/n on input line 21.
LaTeX Font Info:    ... okay on input line 21.
LaTeX Font Info:    Checking defaults for U/cmr/m/n on input line 21.
LaTeX Font Info:    ... okay on input line 21.

("C:\Users\Philipp Schreiber\AppData\Local\Programs\MiKTeX\tex/context/base/mki
i\supp-pdf.mkii"
[Loading MPS to PDF converter (version 2006.09.02).]
\scratchcounter=\count277
\scratchdimen=\dimen259
\scratchbox=\box81
\nofMPsegments=\count278
\nofMParguments=\count279
\everyMPshowfont=\toks29
\MPscratchCnt=\count280
\MPscratchDim=\dimen260
\MPnumerator=\count281
\makeMPintoPDFobject=\count282
\everyMPtoPDFconversion=\toks30
)
("C:\Users\Philipp Schreiber\AppData\Local\Programs\MiKTeX\tex/latex/epstopdf-p
kg\epstopdf-base.sty"
Package: epstopdf-base 2020-01-24 v2.11 Base part for package epstopdf
Package epstopdf-base Info: Redefining graphics rule for `.eps' on input line 4
85.
)
LaTeX Font Info:    External font `cmex10' loaded for size
(Font)              <7> on input line 30.
LaTeX Font Info:    External font `cmex10' loaded for size
(Font)              <5> on input line 30.
Missing character: There is no ] in font nullfont!
 [1

{C:/Users/Philipp Schreiber/AppData/Local/MiKTeX/pdftex/config/pdftex.map}] (Sp
atial_DAG_colour_2.aux) ) 
Here is how much of TeX's memory you used:
 15339 strings out of 479624
 349672 string characters out of 2859409
 616961 words of memory out of 3000000
 32245 multiletter control sequences out of 15000+200000
 404045 words of font info for 29 fonts, out of 3000000 for 9000
 1141 hyphenation exceptions out of 8191
 108i,7n,106p,479b,758s stack positions out of 5000i,500n,10000p,200000b,50000s
<C:/Users/Philipp Schreiber/AppData/Local/Programs/MiK
TeX/fonts/type1/public/amsfonts/cm/cmbx12.pfb><C:/Users/Philipp Schreiber/AppDa
ta/Local/Programs/MiKTeX/fonts/type1/public/amsfonts/cm/cmmi10.pfb><C:/Users/Ph
ilipp Schreiber/AppData/Local/Programs/MiKTeX/fonts/type1/public/amsfonts/cm/cm
r7.pfb>
Output written on Spatial_DAG_colour_2.pdf (1 page, 32194 bytes).
PDF statistics:
 21 PDF objects out of 1000 (max. 8388607)
 0 named destinations out of 1000 (max. 500000)
 13 words of extra memory for PDF output out of 10000 (max. 10000000)

